(0000) 3000  0011000000000000 (   4)                 .ORIG x3000
(3000) 201C  0010000000011100 (   5) START           LD    R0 Newline
(3001) 281A  0010100000011010 (   6)                 LD    R4 TMP
(3002) F021  1111000000100001 (   7)                 TRAP  x21
(3003) E01A  1110000000011010 (   9) L0              LEA   R0 StuNumber
(3004) F022  1111000000100010 (  10)                 TRAP  x22
(3005) 2017  0010000000010111 (  11)                 LD    R0 Newline
(3006) F021  1111000000100001 (  12)                 TRAP  x21
(3007) E02B  1110000000101011 (  13)                 LEA   R0 Prompt
(3008) F022  1111000000100010 (  14)                 TRAP  x22
(3009) F020  1111000000100000 (  16) L1              TRAP  x20
(300A) 2412  0010010000010010 (  17)                 LD    R2 Newline
(300B) 94BF  1001010010111111 (  18)                 NOT   R2 R2
(300C) 14A1  0001010010100001 (  19)                 ADD   R2 R2 #1
(300D) 1402  0001010000000010 (  20)                 ADD   R2 R0 R2
(300E) 0403  0000010000000011 (  21)                 BRZ   L2
(300F) 1921  0001100100100001 (  22)                 ADD   R4 R4 #1
(3010) F021  1111000000100001 (  23)                 TRAP  x21
(3011) 0FF7  0000111111110111 (  24)                 BRNZP L1
(3012) 200A  0010000000001010 (  26) L2              LD    R0 Newline
(3013) F021  1111000000100001 (  27)                 TRAP  x21
(3014) E03B  1110000000111011 (  29) L3              LEA   R0 Prompt1
(3015) F022  1111000000100010 (  30)                 TRAP  x22
(3016) 5020  0101000000100000 (  32) L4              AND   R0 R0 #0
(3017) 1004  0001000000000100 (  33)                 ADD   R0 R0 R4
(3018) F021  1111000000100001 (  34)                 TRAP  x21
(3019) 2003  0010000000000011 (  36) L5              LD    R0 Newline
(301A) F021  1111000000100001 (  37)                 TRAP  x21
(301B) F025  1111000000100101 (  38)                 TRAP  x25
(301C) 0030  0000000000110000 (  40) TMP             .FILL x0030
(301D) 000A  0000000000001010 (  41) Newline         .FILL x000A
(301E) 0032  0000000000110010 (  42) StuNumber       .FILL x0032
(301F) 0030  0000000000110000 (  42)                 .FILL x0030
(3020) 0031  0000000000110001 (  42)                 .FILL x0031
(3021) 0039  0000000000111001 (  42)                 .FILL x0039
(3022) 0032  0000000000110010 (  42)                 .FILL x0032
(3023) 0031  0000000000110001 (  42)                 .FILL x0031
(3024) 0030  0000000000110000 (  42)                 .FILL x0030
(3025) 0031  0000000000110001 (  42)                 .FILL x0031
(3026) 0037  0000000000110111 (  42)                 .FILL x0037
(3027) 0033  0000000000110011 (  42)                 .FILL x0033
(3028) 0020  0000000000100000 (  42)                 .FILL x0020
(3029) 004C  0000000001001100 (  42)                 .FILL x004C
(302A) 0069  0000000001101001 (  42)                 .FILL x0069
(302B) 0075  0000000001110101 (  42)                 .FILL x0075
(302C) 0053  0000000001010011 (  42)                 .FILL x0053
(302D) 0069  0000000001101001 (  42)                 .FILL x0069
(302E) 0079  0000000001111001 (  42)                 .FILL x0079
(302F) 0075  0000000001110101 (  42)                 .FILL x0075
(3030) 0061  0000000001100001 (  42)                 .FILL x0061
(3031) 006E  0000000001101110 (  42)                 .FILL x006E
(3032) 0000  0000000000000000 (  42)                 .FILL x0000
(3033) 0041  0000000001000001 (  43) Prompt          .FILL x0041
(3034) 0042  0000000001000010 (  43)                 .FILL x0042
(3035) 005F  0000000001011111 (  43)                 .FILL x005F
(3036) 0049  0000000001001001 (  43)                 .FILL x0049
(3037) 004E  0000000001001110 (  43)                 .FILL x004E
(3038) 0020  0000000000100000 (  43)                 .FILL x0020
(3039) 0050  0000000001010000 (  43)                 .FILL x0050
(303A) 006C  0000000001101100 (  43)                 .FILL x006C
(303B) 0065  0000000001100101 (  43)                 .FILL x0065
(303C) 0061  0000000001100001 (  43)                 .FILL x0061
(303D) 0073  0000000001110011 (  43)                 .FILL x0073
(303E) 0065  0000000001100101 (  43)                 .FILL x0065
(303F) 0020  0000000000100000 (  43)                 .FILL x0020
(3040) 0065  0000000001100101 (  43)                 .FILL x0065
(3041) 006E  0000000001101110 (  43)                 .FILL x006E
(3042) 0074  0000000001110100 (  43)                 .FILL x0074
(3043) 0065  0000000001100101 (  43)                 .FILL x0065
(3044) 0072  0000000001110010 (  43)                 .FILL x0072
(3045) 0020  0000000000100000 (  43)                 .FILL x0020
(3046) 0061  0000000001100001 (  43)                 .FILL x0061
(3047) 0020  0000000000100000 (  43)                 .FILL x0020
(3048) 0073  0000000001110011 (  43)                 .FILL x0073
(3049) 0074  0000000001110100 (  43)                 .FILL x0074
(304A) 0072  0000000001110010 (  43)                 .FILL x0072
(304B) 0069  0000000001101001 (  43)                 .FILL x0069
(304C) 006E  0000000001101110 (  43)                 .FILL x006E
(304D) 0067  0000000001100111 (  43)                 .FILL x0067
(304E) 003A  0000000000111010 (  43)                 .FILL x003A
(304F) 0000  0000000000000000 (  43)                 .FILL x0000
(3050) 0054  0000000001010100 (  44) Prompt1         .FILL x0054
(3051) 0068  0000000001101000 (  44)                 .FILL x0068
(3052) 0065  0000000001100101 (  44)                 .FILL x0065
(3053) 0020  0000000000100000 (  44)                 .FILL x0020
(3054) 006E  0000000001101110 (  44)                 .FILL x006E
(3055) 0075  0000000001110101 (  44)                 .FILL x0075
(3056) 006D  0000000001101101 (  44)                 .FILL x006D
(3057) 0062  0000000001100010 (  44)                 .FILL x0062
(3058) 0065  0000000001100101 (  44)                 .FILL x0065
(3059) 0072  0000000001110010 (  44)                 .FILL x0072
(305A) 0020  0000000000100000 (  44)                 .FILL x0020
(305B) 006F  0000000001101111 (  44)                 .FILL x006F
(305C) 0066  0000000001100110 (  44)                 .FILL x0066
(305D) 0020  0000000000100000 (  44)                 .FILL x0020
(305E) 0063  0000000001100011 (  44)                 .FILL x0063
(305F) 0068  0000000001101000 (  44)                 .FILL x0068
(3060) 0061  0000000001100001 (  44)                 .FILL x0061
(3061) 0072  0000000001110010 (  44)                 .FILL x0072
(3062) 0061  0000000001100001 (  44)                 .FILL x0061
(3063) 0063  0000000001100011 (  44)                 .FILL x0063
(3064) 0074  0000000001110100 (  44)                 .FILL x0074
(3065) 0065  0000000001100101 (  44)                 .FILL x0065
(3066) 0072  0000000001110010 (  44)                 .FILL x0072
(3067) 0073  0000000001110011 (  44)                 .FILL x0073
(3068) 0020  0000000000100000 (  44)                 .FILL x0020
(3069) 0069  0000000001101001 (  44)                 .FILL x0069
(306A) 006E  0000000001101110 (  44)                 .FILL x006E
(306B) 0020  0000000000100000 (  44)                 .FILL x0020
(306C) 0074  0000000001110100 (  44)                 .FILL x0074
(306D) 0068  0000000001101000 (  44)                 .FILL x0068
(306E) 0072  0000000001110010 (  44)                 .FILL x0072
(306F) 0020  0000000000100000 (  44)                 .FILL x0020
(3070) 0041  0000000001000001 (  44)                 .FILL x0041
(3071) 0042  0000000001000010 (  44)                 .FILL x0042
(3072) 005F  0000000001011111 (  44)                 .FILL x005F
(3073) 0049  0000000001001001 (  44)                 .FILL x0049
(3074) 004E  0000000001001110 (  44)                 .FILL x004E
(3075) 0027  0000000000100111 (  44)                 .FILL x0027
(3076) 0073  0000000001110011 (  44)                 .FILL x0073
(3077) 0020  0000000000100000 (  44)                 .FILL x0020
(3078) 0069  0000000001101001 (  44)                 .FILL x0069
(3079) 006E  0000000001101110 (  44)                 .FILL x006E
(307A) 0070  0000000001110000 (  44)                 .FILL x0070
(307B) 0075  0000000001110101 (  44)                 .FILL x0075
(307C) 0074  0000000001110100 (  44)                 .FILL x0074
(307D) 0020  0000000000100000 (  44)                 .FILL x0020
(307E) 0069  0000000001101001 (  44)                 .FILL x0069
(307F) 0073  0000000001110011 (  44)                 .FILL x0073
(3080) 003A  0000000000111010 (  44)                 .FILL x003A
(3081) 0000  0000000000000000 (  44)                 .FILL x0000
