(0000) 3000  0011000000000000 (   4)                 .ORIG x3000
(3000) 2012  0010000000010010 (   5) START           LD    R0 Newline
(3001) F021  1111000000100001 (   6)                 TRAP  x21
(3002) E011  1110000000010001 (   8) L0              LEA   R0 StuNumber
(3003) F022  1111000000100010 (   9)                 TRAP  x22
(3004) 200E  0010000000001110 (  10)                 LD    R0 Newline
(3005) F021  1111000000100001 (  11)                 TRAP  x21
(3006) E022  1110000000100010 (  12)                 LEA   R0 Prompt
(3007) F022  1111000000100010 (  13)                 TRAP  x22
(3008) F020  1111000000100000 (  15) L1              TRAP  x20
(3009) 2409  0010010000001001 (  16)                 LD    R2 Newline
(300A) 94BF  1001010010111111 (  17)                 NOT   R2 R2
(300B) 14A1  0001010010100001 (  18)                 ADD   R2 R2 #1
(300C) 1402  0001010000000010 (  19)                 ADD   R2 R0 R2
(300D) 0402  0000010000000010 (  20)                 BRZ   L2
(300E) F021  1111000000100001 (  21)                 TRAP  x21
(300F) 0FF8  0000111111111000 (  22)                 BRNZP L1
(3010) 2002  0010000000000010 (  24) L2              LD    R0 Newline
(3011) F021  1111000000100001 (  25)                 TRAP  x21
(3012) F025  1111000000100101 (  26)                 TRAP  x25
(3013) 000A  0000000000001010 (  28) Newline         .FILL x000A
(3014) 0032  0000000000110010 (  29) StuNumber       .FILL x0032
(3015) 0030  0000000000110000 (  29)                 .FILL x0030
(3016) 0031  0000000000110001 (  29)                 .FILL x0031
(3017) 0039  0000000000111001 (  29)                 .FILL x0039
(3018) 0032  0000000000110010 (  29)                 .FILL x0032
(3019) 0031  0000000000110001 (  29)                 .FILL x0031
(301A) 0030  0000000000110000 (  29)                 .FILL x0030
(301B) 0031  0000000000110001 (  29)                 .FILL x0031
(301C) 0037  0000000000110111 (  29)                 .FILL x0037
(301D) 0033  0000000000110011 (  29)                 .FILL x0033
(301E) 0020  0000000000100000 (  29)                 .FILL x0020
(301F) 004C  0000000001001100 (  29)                 .FILL x004C
(3020) 0069  0000000001101001 (  29)                 .FILL x0069
(3021) 0075  0000000001110101 (  29)                 .FILL x0075
(3022) 0053  0000000001010011 (  29)                 .FILL x0053
(3023) 0069  0000000001101001 (  29)                 .FILL x0069
(3024) 0079  0000000001111001 (  29)                 .FILL x0079
(3025) 0075  0000000001110101 (  29)                 .FILL x0075
(3026) 0061  0000000001100001 (  29)                 .FILL x0061
(3027) 006E  0000000001101110 (  29)                 .FILL x006E
(3028) 0000  0000000000000000 (  29)                 .FILL x0000
(3029) 0041  0000000001000001 (  30) Prompt          .FILL x0041
(302A) 0042  0000000001000010 (  30)                 .FILL x0042
(302B) 005F  0000000001011111 (  30)                 .FILL x005F
(302C) 0049  0000000001001001 (  30)                 .FILL x0049
(302D) 004E  0000000001001110 (  30)                 .FILL x004E
(302E) 0020  0000000000100000 (  30)                 .FILL x0020
(302F) 0050  0000000001010000 (  30)                 .FILL x0050
(3030) 006C  0000000001101100 (  30)                 .FILL x006C
(3031) 0065  0000000001100101 (  30)                 .FILL x0065
(3032) 0061  0000000001100001 (  30)                 .FILL x0061
(3033) 0073  0000000001110011 (  30)                 .FILL x0073
(3034) 0065  0000000001100101 (  30)                 .FILL x0065
(3035) 0020  0000000000100000 (  30)                 .FILL x0020
(3036) 0065  0000000001100101 (  30)                 .FILL x0065
(3037) 006E  0000000001101110 (  30)                 .FILL x006E
(3038) 0074  0000000001110100 (  30)                 .FILL x0074
(3039) 0065  0000000001100101 (  30)                 .FILL x0065
(303A) 0072  0000000001110010 (  30)                 .FILL x0072
(303B) 0020  0000000000100000 (  30)                 .FILL x0020
(303C) 0061  0000000001100001 (  30)                 .FILL x0061
(303D) 0020  0000000000100000 (  30)                 .FILL x0020
(303E) 0073  0000000001110011 (  30)                 .FILL x0073
(303F) 0074  0000000001110100 (  30)                 .FILL x0074
(3040) 0072  0000000001110010 (  30)                 .FILL x0072
(3041) 0069  0000000001101001 (  30)                 .FILL x0069
(3042) 006E  0000000001101110 (  30)                 .FILL x006E
(3043) 0067  0000000001100111 (  30)                 .FILL x0067
(3044) 003A  0000000000111010 (  30)                 .FILL x003A
(3045) 0000  0000000000000000 (  30)                 .FILL x0000
