(0000) 3000  0011000000000000 (   4)                 .ORIG x3000
(3000) 2045  0010000001000101 (   5) START           LD    R0 Newline
(3001) 2843  0010100001000011 (   6)                 LD    R4 TMP
(3002) E239  1110001000111001 (   7)                 LEA   R1 STRING
(3003) F021  1111000000100001 (   8)                 TRAP  x21
(3004) E042  1110000001000010 (  10) L0              LEA   R0 StuNumber
(3005) F022  1111000000100010 (  11)                 TRAP  x22
(3006) 203F  0010000000111111 (  12)                 LD    R0 Newline
(3007) F021  1111000000100001 (  13)                 TRAP  x21
(3008) E053  1110000001010011 (  14)                 LEA   R0 Prompt
(3009) F022  1111000000100010 (  15)                 TRAP  x22
(300A) F020  1111000000100000 (  17) L1              TRAP  x20
(300B) 243A  0010010000111010 (  18)                 LD    R2 Newline
(300C) 94BF  1001010010111111 (  19)                 NOT   R2 R2
(300D) 14A1  0001010010100001 (  20)                 ADD   R2 R2 #1
(300E) 1402  0001010000000010 (  21)                 ADD   R2 R0 R2
(300F) 0405  0000010000000101 (  22)                 BRZ   L2
(3010) 7440  0111010001000000 (  23)                 STR   R2 R1 #0
(3011) 1261  0001001001100001 (  24)                 ADD   R1 R1 #1
(3012) 1921  0001100100100001 (  25)                 ADD   R4 R4 #1
(3013) F021  1111000000100001 (  26)                 TRAP  x21
(3014) 0FF5  0000111111110101 (  27)                 BRNZP L1
(3015) 2030  0010000000110000 (  29) L2              LD    R0 Newline
(3016) F021  1111000000100001 (  30)                 TRAP  x21
(3017) E061  1110000001100001 (  32) L3              LEA   R0 Prompt1
(3018) F022  1111000000100010 (  33)                 TRAP  x22
(3019) 5020  0101000000100000 (  35) L4              AND   R0 R0 #0
(301A) 1004  0001000000000100 (  36)                 ADD   R0 R0 R4
(301B) F021  1111000000100001 (  37)                 TRAP  x21
(301C) 2029  0010000000101001 (  38)                 LD    R0 Newline
(301D) F021  1111000000100001 (  39)                 TRAP  x21
(301E) 2626  0010011000100110 (  41) L5              LD    R3 TMP
(301F) 96FF  1001011011111111 (  42)                 NOT   R3 R3
(3020) 16E1  0001011011100001 (  43)                 ADD   R3 R3 #1
(3021) 1903  0001100100000011 (  44)                 ADD   R4 R4 R3
(3022) E219  1110001000011001 (  45)                 LEA   R1 STRING
(3023) 1444  0001010001000100 (  46)                 ADD   R2 R1 R4
(3024) 14BF  0001010010111111 (  47)                 ADD   R2 R2 #-1
(3025) 6A40  0110101001000000 (  49) L6              LDR   R5 R1 #0
(3026) 6C80  0110110010000000 (  50)                 LDR   R6 R2 #0
(3027) 9B7F  1001101101111111 (  51)                 NOT   R5 R5
(3028) 1B61  0001101101100001 (  52)                 ADD   R5 R5 #1
(3029) 1B46  0001101101000110 (  53)                 ADD   R5 R5 R6
(302A) 0A0B  0000101000001011 (  54)                 BRNP  F
(302B) 1261  0001001001100001 (  55)                 ADD   R1 R1 #1
(302C) 14BF  0001010010111111 (  56)                 ADD   R2 R2 #-1
(302D) 1AA0  0001101010100000 (  57)                 ADD   R5 R2 #0
(302E) 9B7F  1001101101111111 (  58)                 NOT   R5 R5
(302F) 1B61  0001101101100001 (  59)                 ADD   R5 R5 #1
(3030) 1B42  0001101101000010 (  60)                 ADD   R5 R5 R2
(3031) 0601  0000011000000001 (  61)                 BRZP  T
(3032) 0FF2  0000111111110010 (  62)                 BRNZP L6
(3033) E077  1110000001110111 (  64) T               LEA   R0 TRUE
(3034) F022  1111000000100010 (  65)                 TRAP  x22
(3035) 0E03  0000111000000011 (  66)                 BRNZP FINAL
(3036) E0A1  1110000010100001 (  68) F               LEA   R0 FALSE
(3037) F022  1111000000100010 (  69)                 TRAP  x22
(3038) 0E00  0000111000000000 (  70)                 BRNZP FINAL
(3039) 200C  0010000000001100 (  73) FINAL           LD    R0 Newline
(303A) F021  1111000000100001 (  74)                 TRAP  x21
(303B) F025  1111000000100101 (  75)                 TRAP  x25
(303C) 0000  0000000000000000 (  78) STRING          .FILL x0000
(303D) 0000  0000000000000000 (  78)                 .FILL x0000
(303E) 0000  0000000000000000 (  78)                 .FILL x0000
(303F) 0000  0000000000000000 (  78)                 .FILL x0000
(3040) 0000  0000000000000000 (  78)                 .FILL x0000
(3041) 0000  0000000000000000 (  78)                 .FILL x0000
(3042) 0000  0000000000000000 (  78)                 .FILL x0000
(3043) 0000  0000000000000000 (  78)                 .FILL x0000
(3044) 0000  0000000000000000 (  78)                 .FILL x0000
(3045) 0030  0000000000110000 (  78) TMP             .FILL x0030
(3046) 000A  0000000000001010 (  79) Newline         .FILL x000A
(3047) 0032  0000000000110010 (  80) StuNumber       .FILL x0032
(3048) 0030  0000000000110000 (  80)                 .FILL x0030
(3049) 0031  0000000000110001 (  80)                 .FILL x0031
(304A) 0039  0000000000111001 (  80)                 .FILL x0039
(304B) 0032  0000000000110010 (  80)                 .FILL x0032
(304C) 0031  0000000000110001 (  80)                 .FILL x0031
(304D) 0030  0000000000110000 (  80)                 .FILL x0030
(304E) 0031  0000000000110001 (  80)                 .FILL x0031
(304F) 0037  0000000000110111 (  80)                 .FILL x0037
(3050) 0033  0000000000110011 (  80)                 .FILL x0033
(3051) 0020  0000000000100000 (  80)                 .FILL x0020
(3052) 004C  0000000001001100 (  80)                 .FILL x004C
(3053) 0069  0000000001101001 (  80)                 .FILL x0069
(3054) 0075  0000000001110101 (  80)                 .FILL x0075
(3055) 0053  0000000001010011 (  80)                 .FILL x0053
(3056) 0069  0000000001101001 (  80)                 .FILL x0069
(3057) 0079  0000000001111001 (  80)                 .FILL x0079
(3058) 0075  0000000001110101 (  80)                 .FILL x0075
(3059) 0061  0000000001100001 (  80)                 .FILL x0061
(305A) 006E  0000000001101110 (  80)                 .FILL x006E
(305B) 0000  0000000000000000 (  80)                 .FILL x0000
(305C) 0041  0000000001000001 (  81) Prompt          .FILL x0041
(305D) 0042  0000000001000010 (  81)                 .FILL x0042
(305E) 005F  0000000001011111 (  81)                 .FILL x005F
(305F) 0049  0000000001001001 (  81)                 .FILL x0049
(3060) 004E  0000000001001110 (  81)                 .FILL x004E
(3061) 0020  0000000000100000 (  81)                 .FILL x0020
(3062) 0050  0000000001010000 (  81)                 .FILL x0050
(3063) 006C  0000000001101100 (  81)                 .FILL x006C
(3064) 0065  0000000001100101 (  81)                 .FILL x0065
(3065) 0061  0000000001100001 (  81)                 .FILL x0061
(3066) 0073  0000000001110011 (  81)                 .FILL x0073
(3067) 0065  0000000001100101 (  81)                 .FILL x0065
(3068) 0020  0000000000100000 (  81)                 .FILL x0020
(3069) 0065  0000000001100101 (  81)                 .FILL x0065
(306A) 006E  0000000001101110 (  81)                 .FILL x006E
(306B) 0074  0000000001110100 (  81)                 .FILL x0074
(306C) 0065  0000000001100101 (  81)                 .FILL x0065
(306D) 0072  0000000001110010 (  81)                 .FILL x0072
(306E) 0020  0000000000100000 (  81)                 .FILL x0020
(306F) 0061  0000000001100001 (  81)                 .FILL x0061
(3070) 0020  0000000000100000 (  81)                 .FILL x0020
(3071) 0073  0000000001110011 (  81)                 .FILL x0073
(3072) 0074  0000000001110100 (  81)                 .FILL x0074
(3073) 0072  0000000001110010 (  81)                 .FILL x0072
(3074) 0069  0000000001101001 (  81)                 .FILL x0069
(3075) 006E  0000000001101110 (  81)                 .FILL x006E
(3076) 0067  0000000001100111 (  81)                 .FILL x0067
(3077) 003A  0000000000111010 (  81)                 .FILL x003A
(3078) 0000  0000000000000000 (  81)                 .FILL x0000
(3079) 0054  0000000001010100 (  82) Prompt1         .FILL x0054
(307A) 0068  0000000001101000 (  82)                 .FILL x0068
(307B) 0065  0000000001100101 (  82)                 .FILL x0065
(307C) 0020  0000000000100000 (  82)                 .FILL x0020
(307D) 006E  0000000001101110 (  82)                 .FILL x006E
(307E) 0075  0000000001110101 (  82)                 .FILL x0075
(307F) 006D  0000000001101101 (  82)                 .FILL x006D
(3080) 0062  0000000001100010 (  82)                 .FILL x0062
(3081) 0065  0000000001100101 (  82)                 .FILL x0065
(3082) 0072  0000000001110010 (  82)                 .FILL x0072
(3083) 0020  0000000000100000 (  82)                 .FILL x0020
(3084) 006F  0000000001101111 (  82)                 .FILL x006F
(3085) 0066  0000000001100110 (  82)                 .FILL x0066
(3086) 0020  0000000000100000 (  82)                 .FILL x0020
(3087) 0063  0000000001100011 (  82)                 .FILL x0063
(3088) 0068  0000000001101000 (  82)                 .FILL x0068
(3089) 0061  0000000001100001 (  82)                 .FILL x0061
(308A) 0072  0000000001110010 (  82)                 .FILL x0072
(308B) 0061  0000000001100001 (  82)                 .FILL x0061
(308C) 0063  0000000001100011 (  82)                 .FILL x0063
(308D) 0074  0000000001110100 (  82)                 .FILL x0074
(308E) 0065  0000000001100101 (  82)                 .FILL x0065
(308F) 0072  0000000001110010 (  82)                 .FILL x0072
(3090) 0073  0000000001110011 (  82)                 .FILL x0073
(3091) 0020  0000000000100000 (  82)                 .FILL x0020
(3092) 0069  0000000001101001 (  82)                 .FILL x0069
(3093) 006E  0000000001101110 (  82)                 .FILL x006E
(3094) 0020  0000000000100000 (  82)                 .FILL x0020
(3095) 0074  0000000001110100 (  82)                 .FILL x0074
(3096) 0068  0000000001101000 (  82)                 .FILL x0068
(3097) 0072  0000000001110010 (  82)                 .FILL x0072
(3098) 0020  0000000000100000 (  82)                 .FILL x0020
(3099) 0041  0000000001000001 (  82)                 .FILL x0041
(309A) 0042  0000000001000010 (  82)                 .FILL x0042
(309B) 005F  0000000001011111 (  82)                 .FILL x005F
(309C) 0049  0000000001001001 (  82)                 .FILL x0049
(309D) 004E  0000000001001110 (  82)                 .FILL x004E
(309E) 0027  0000000000100111 (  82)                 .FILL x0027
(309F) 0073  0000000001110011 (  82)                 .FILL x0073
(30A0) 0020  0000000000100000 (  82)                 .FILL x0020
(30A1) 0069  0000000001101001 (  82)                 .FILL x0069
(30A2) 006E  0000000001101110 (  82)                 .FILL x006E
(30A3) 0070  0000000001110000 (  82)                 .FILL x0070
(30A4) 0075  0000000001110101 (  82)                 .FILL x0075
(30A5) 0074  0000000001110100 (  82)                 .FILL x0074
(30A6) 0020  0000000000100000 (  82)                 .FILL x0020
(30A7) 0069  0000000001101001 (  82)                 .FILL x0069
(30A8) 0073  0000000001110011 (  82)                 .FILL x0073
(30A9) 003A  0000000000111010 (  82)                 .FILL x003A
(30AA) 0000  0000000000000000 (  82)                 .FILL x0000
(30AB) 0041  0000000001000001 (  83) TRUE            .FILL x0041
(30AC) 0042  0000000001000010 (  83)                 .FILL x0042
(30AD) 005F  0000000001011111 (  83)                 .FILL x005F
(30AE) 0049  0000000001001001 (  83)                 .FILL x0049
(30AF) 004E  0000000001001110 (  83)                 .FILL x004E
(30B0) 0020  0000000000100000 (  83)                 .FILL x0020
(30B1) 0073  0000000001110011 (  83)                 .FILL x0073
(30B2) 0061  0000000001100001 (  83)                 .FILL x0061
(30B3) 0079  0000000001111001 (  83)                 .FILL x0079
(30B4) 0073  0000000001110011 (  83)                 .FILL x0073
(30B5) 0020  0000000000100000 (  83)                 .FILL x0020
(30B6) 0054  0000000001010100 (  83)                 .FILL x0054
(30B7) 0068  0000000001101000 (  83)                 .FILL x0068
(30B8) 0065  0000000001100101 (  83)                 .FILL x0065
(30B9) 0020  0000000000100000 (  83)                 .FILL x0020
(30BA) 0069  0000000001101001 (  83)                 .FILL x0069
(30BB) 006E  0000000001101110 (  83)                 .FILL x006E
(30BC) 0070  0000000001110000 (  83)                 .FILL x0070
(30BD) 0075  0000000001110101 (  83)                 .FILL x0075
(30BE) 0074  0000000001110100 (  83)                 .FILL x0074
(30BF) 0020  0000000000100000 (  83)                 .FILL x0020
(30C0) 0073  0000000001110011 (  83)                 .FILL x0073
(30C1) 0074  0000000001110100 (  83)                 .FILL x0074
(30C2) 0072  0000000001110010 (  83)                 .FILL x0072
(30C3) 0069  0000000001101001 (  83)                 .FILL x0069
(30C4) 006E  0000000001101110 (  83)                 .FILL x006E
(30C5) 0067  0000000001100111 (  83)                 .FILL x0067
(30C6) 0020  0000000000100000 (  83)                 .FILL x0020
(30C7) 0069  0000000001101001 (  83)                 .FILL x0069
(30C8) 0073  0000000001110011 (  83)                 .FILL x0073
(30C9) 0020  0000000000100000 (  83)                 .FILL x0020
(30CA) 0061  0000000001100001 (  83)                 .FILL x0061
(30CB) 0020  0000000000100000 (  83)                 .FILL x0020
(30CC) 0070  0000000001110000 (  83)                 .FILL x0070
(30CD) 0061  0000000001100001 (  83)                 .FILL x0061
(30CE) 006C  0000000001101100 (  83)                 .FILL x006C
(30CF) 0069  0000000001101001 (  83)                 .FILL x0069
(30D0) 006E  0000000001101110 (  83)                 .FILL x006E
(30D1) 0064  0000000001100100 (  83)                 .FILL x0064
(30D2) 0072  0000000001110010 (  83)                 .FILL x0072
(30D3) 006F  0000000001101111 (  83)                 .FILL x006F
(30D4) 006D  0000000001101101 (  83)                 .FILL x006D
(30D5) 0065  0000000001100101 (  83)                 .FILL x0065
(30D6) 002E  0000000000101110 (  83)                 .FILL x002E
(30D7) 0000  0000000000000000 (  83)                 .FILL x0000
(30D8) 0041  0000000001000001 (  84) FALSE           .FILL x0041
(30D9) 0042  0000000001000010 (  84)                 .FILL x0042
(30DA) 005F  0000000001011111 (  84)                 .FILL x005F
(30DB) 0049  0000000001001001 (  84)                 .FILL x0049
(30DC) 004E  0000000001001110 (  84)                 .FILL x004E
(30DD) 0020  0000000000100000 (  84)                 .FILL x0020
(30DE) 0073  0000000001110011 (  84)                 .FILL x0073
(30DF) 0061  0000000001100001 (  84)                 .FILL x0061
(30E0) 0079  0000000001111001 (  84)                 .FILL x0079
(30E1) 0073  0000000001110011 (  84)                 .FILL x0073
(30E2) 0020  0000000000100000 (  84)                 .FILL x0020
(30E3) 0054  0000000001010100 (  84)                 .FILL x0054
(30E4) 0068  0000000001101000 (  84)                 .FILL x0068
(30E5) 0065  0000000001100101 (  84)                 .FILL x0065
(30E6) 0020  0000000000100000 (  84)                 .FILL x0020
(30E7) 0069  0000000001101001 (  84)                 .FILL x0069
(30E8) 006E  0000000001101110 (  84)                 .FILL x006E
(30E9) 0070  0000000001110000 (  84)                 .FILL x0070
(30EA) 0075  0000000001110101 (  84)                 .FILL x0075
(30EB) 0074  0000000001110100 (  84)                 .FILL x0074
(30EC) 0020  0000000000100000 (  84)                 .FILL x0020
(30ED) 0073  0000000001110011 (  84)                 .FILL x0073
(30EE) 0074  0000000001110100 (  84)                 .FILL x0074
(30EF) 0072  0000000001110010 (  84)                 .FILL x0072
(30F0) 0069  0000000001101001 (  84)                 .FILL x0069
(30F1) 006E  0000000001101110 (  84)                 .FILL x006E
(30F2) 0067  0000000001100111 (  84)                 .FILL x0067
(30F3) 0020  0000000000100000 (  84)                 .FILL x0020
(30F4) 0069  0000000001101001 (  84)                 .FILL x0069
(30F5) 0073  0000000001110011 (  84)                 .FILL x0073
(30F6) 0020  0000000000100000 (  84)                 .FILL x0020
(30F7) 006E  0000000001101110 (  84)                 .FILL x006E
(30F8) 006F  0000000001101111 (  84)                 .FILL x006F
(30F9) 0074  0000000001110100 (  84)                 .FILL x0074
(30FA) 0020  0000000000100000 (  84)                 .FILL x0020
(30FB) 0061  0000000001100001 (  84)                 .FILL x0061
(30FC) 0020  0000000000100000 (  84)                 .FILL x0020
(30FD) 0070  0000000001110000 (  84)                 .FILL x0070
(30FE) 0061  0000000001100001 (  84)                 .FILL x0061
(30FF) 006C  0000000001101100 (  84)                 .FILL x006C
(3100) 0069  0000000001101001 (  84)                 .FILL x0069
(3101) 006E  0000000001101110 (  84)                 .FILL x006E
(3102) 0064  0000000001100100 (  84)                 .FILL x0064
(3103) 0072  0000000001110010 (  84)                 .FILL x0072
(3104) 006F  0000000001101111 (  84)                 .FILL x006F
(3105) 006D  0000000001101101 (  84)                 .FILL x006D
(3106) 0065  0000000001100101 (  84)                 .FILL x0065
(3107) 002E  0000000000101110 (  84)                 .FILL x002E
(3108) 0000  0000000000000000 (  84)                 .FILL x0000
