(0000) 3000  0011000000000000 (   4)                 .ORIG x3000
(3000) 2066  0010000001100110 (   5) START           LD    R0 Newline
(3001) 2864  0010100001100100 (   6)                 LD    R4 TMP
(3002) E250  1110001001010000 (   7)                 LEA   R1 STRING
(3003) F021  1111000000100001 (   8)                 TRAP  x21
(3004) E063  1110000001100011 (  10) L0              LEA   R0 StuNumber
(3005) F022  1111000000100010 (  11)                 TRAP  x22
(3006) 2060  0010000001100000 (  12)                 LD    R0 Newline
(3007) F021  1111000000100001 (  13)                 TRAP  x21
(3008) E074  1110000001110100 (  14)                 LEA   R0 Prompt
(3009) F022  1111000000100010 (  15)                 TRAP  x22
(300A) F020  1111000000100000 (  17) L1              TRAP  x20
(300B) 245B  0010010001011011 (  18)                 LD    R2 Newline
(300C) 94BF  1001010010111111 (  19)                 NOT   R2 R2
(300D) 14A1  0001010010100001 (  20)                 ADD   R2 R2 #1
(300E) 1402  0001010000000010 (  21)                 ADD   R2 R0 R2
(300F) 0410  0000010000010000 (  22)                 BRZ   L2
(3010) 7440  0111010001000000 (  23)                 STR   R2 R1 #0
(3011) 1261  0001001001100001 (  24)                 ADD   R1 R1 #1
(3012) 1921  0001100100100001 (  25)                 ADD   R4 R4 #1
(3013) 2652  0010011001010010 (  27)                 LD    R3 TMP
(3014) 96FF  1001011011111111 (  28)                 NOT   R3 R3
(3015) 16E1  0001011011100001 (  29)                 ADD   R3 R3 #1
(3016) 16C4  0001011011000100 (  30)                 ADD   R3 R3 R4
(3017) 96FF  1001011011111111 (  31)                 NOT   R3 R3
(3018) 16E1  0001011011100001 (  32)                 ADD   R3 R3 #1
(3019) 16EA  0001011011101010 (  33)                 ADD   R3 R3 #10
(301A) 0203  0000001000000011 (  34)                 BRP   LL
(301B) 1936  0001100100110110 (  36) CHANGE          ADD   R4 R4 #-10
(301C) 5B60  0101101101100000 (  37)                 AND   R5 R5 #0
(301D) 1B61  0001101101100001 (  38)                 ADD   R5 R5 #1
(301E) F021  1111000000100001 (  40) LL              TRAP  x21
(301F) 0FEA  0000111111101010 (  41)                 BRNZP L1
(3020) 2046  0010000001000110 (  44) L2              LD    R0 Newline
(3021) F021  1111000000100001 (  45)                 TRAP  x21
(3022) E077  1110000001110111 (  47) L3              LEA   R0 Prompt1
(3023) F022  1111000000100010 (  48)                 TRAP  x22
(3024) 5020  0101000000100000 (  50) L4              AND   R0 R0 #0
(3025) 1005  0001000000000101 (  51)                 ADD   R0 R0 R5
(3026) 9B7F  1001101101111111 (  52)                 NOT   R5 R5
(3027) 1B61  0001101101100001 (  53)                 ADD   R5 R5 #1
(3028) 1B61  0001101101100001 (  54)                 ADD   R5 R5 #1
(3029) 0A03  0000101000000011 (  55)                 BRNP  LOUT
(302A) 203B  0010000000111011 (  56)                 LD    R0 TMP
(302B) 1021  0001000000100001 (  57)                 ADD   R0 R0 #1
(302C) F021  1111000000100001 (  58)                 TRAP  x21
(302D) 5020  0101000000100000 (  59) LOUT            AND   R0 R0 #0
(302E) 1004  0001000000000100 (  60)                 ADD   R0 R0 R4
(302F) F021  1111000000100001 (  61)                 TRAP  x21
(3030) 1B60  0001101101100000 (  62)                 ADD   R5 R5 #0
(3031) 0A01  0000101000000001 (  63)                 BRNP  ADDR4
(3032) 192A  0001100100101010 (  64)                 ADD   R4 R4 #10
(3033) 2033  0010000000110011 (  65) ADDR4           LD    R0 Newline
(3034) F021  1111000000100001 (  66)                 TRAP  x21
(3035) 2630  0010011000110000 (  68) L5              LD    R3 TMP
(3036) 96FF  1001011011111111 (  69)                 NOT   R3 R3
(3037) 16E1  0001011011100001 (  70)                 ADD   R3 R3 #1
(3038) 1903  0001100100000011 (  71)                 ADD   R4 R4 R3
(3039) E219  1110001000011001 (  72)                 LEA   R1 STRING
(303A) 1444  0001010001000100 (  73)                 ADD   R2 R1 R4
(303B) 14BF  0001010010111111 (  74)                 ADD   R2 R2 #-1
(303C) 6A40  0110101001000000 (  76) L6              LDR   R5 R1 #0
(303D) 6C80  0110110010000000 (  77)                 LDR   R6 R2 #0
(303E) 9B7F  1001101101111111 (  78)                 NOT   R5 R5
(303F) 1B61  0001101101100001 (  79)                 ADD   R5 R5 #1
(3040) 1B46  0001101101000110 (  80)                 ADD   R5 R5 R6
(3041) 0A0B  0000101000001011 (  81)                 BRNP  F
(3042) 1261  0001001001100001 (  82)                 ADD   R1 R1 #1
(3043) 14BF  0001010010111111 (  83)                 ADD   R2 R2 #-1
(3044) 1AA0  0001101010100000 (  84)                 ADD   R5 R2 #0
(3045) 9B7F  1001101101111111 (  85)                 NOT   R5 R5
(3046) 1B61  0001101101100001 (  86)                 ADD   R5 R5 #1
(3047) 1B42  0001101101000010 (  87)                 ADD   R5 R5 R2
(3048) 0601  0000011000000001 (  88)                 BRZP  T
(3049) 0FF2  0000111111110010 (  89)                 BRNZP L6
(304A) E081  1110000010000001 (  91) T               LEA   R0 TRUE
(304B) F022  1111000000100010 (  92)                 TRAP  x22
(304C) 0E03  0000111000000011 (  93)                 BRNZP FINAL
(304D) E0AB  1110000010101011 (  95) F               LEA   R0 FALSE
(304E) F022  1111000000100010 (  96)                 TRAP  x22
(304F) 0E00  0000111000000000 (  97)                 BRNZP FINAL
(3050) 2016  0010000000010110 ( 100) FINAL           LD    R0 Newline
(3051) F021  1111000000100001 ( 101)                 TRAP  x21
(3052) F025  1111000000100101 ( 102)                 TRAP  x25
(3053) 0000  0000000000000000 ( 105) STRING          .FILL x0000
(3054) 0000  0000000000000000 ( 105)                 .FILL x0000
(3055) 0000  0000000000000000 ( 105)                 .FILL x0000
(3056) 0000  0000000000000000 ( 105)                 .FILL x0000
(3057) 0000  0000000000000000 ( 105)                 .FILL x0000
(3058) 0000  0000000000000000 ( 105)                 .FILL x0000
(3059) 0000  0000000000000000 ( 105)                 .FILL x0000
(305A) 0000  0000000000000000 ( 105)                 .FILL x0000
(305B) 0000  0000000000000000 ( 105)                 .FILL x0000
(305C) 0000  0000000000000000 ( 105)                 .FILL x0000
(305D) 0000  0000000000000000 ( 105)                 .FILL x0000
(305E) 0000  0000000000000000 ( 105)                 .FILL x0000
(305F) 0000  0000000000000000 ( 105)                 .FILL x0000
(3060) 0000  0000000000000000 ( 105)                 .FILL x0000
(3061) 0000  0000000000000000 ( 105)                 .FILL x0000
(3062) 0000  0000000000000000 ( 105)                 .FILL x0000
(3063) 0000  0000000000000000 ( 105)                 .FILL x0000
(3064) 0000  0000000000000000 ( 105)                 .FILL x0000
(3065) 0000  0000000000000000 ( 105)                 .FILL x0000
(3066) 0030  0000000000110000 ( 105) TMP             .FILL x0030
(3067) 000A  0000000000001010 ( 106) Newline         .FILL x000A
(3068) 0032  0000000000110010 ( 107) StuNumber       .FILL x0032
(3069) 0030  0000000000110000 ( 107)                 .FILL x0030
(306A) 0031  0000000000110001 ( 107)                 .FILL x0031
(306B) 0039  0000000000111001 ( 107)                 .FILL x0039
(306C) 0032  0000000000110010 ( 107)                 .FILL x0032
(306D) 0031  0000000000110001 ( 107)                 .FILL x0031
(306E) 0030  0000000000110000 ( 107)                 .FILL x0030
(306F) 0031  0000000000110001 ( 107)                 .FILL x0031
(3070) 0037  0000000000110111 ( 107)                 .FILL x0037
(3071) 0033  0000000000110011 ( 107)                 .FILL x0033
(3072) 0020  0000000000100000 ( 107)                 .FILL x0020
(3073) 004C  0000000001001100 ( 107)                 .FILL x004C
(3074) 0069  0000000001101001 ( 107)                 .FILL x0069
(3075) 0075  0000000001110101 ( 107)                 .FILL x0075
(3076) 0053  0000000001010011 ( 107)                 .FILL x0053
(3077) 0069  0000000001101001 ( 107)                 .FILL x0069
(3078) 0079  0000000001111001 ( 107)                 .FILL x0079
(3079) 0075  0000000001110101 ( 107)                 .FILL x0075
(307A) 0061  0000000001100001 ( 107)                 .FILL x0061
(307B) 006E  0000000001101110 ( 107)                 .FILL x006E
(307C) 0000  0000000000000000 ( 107)                 .FILL x0000
(307D) 0041  0000000001000001 ( 108) Prompt          .FILL x0041
(307E) 0042  0000000001000010 ( 108)                 .FILL x0042
(307F) 005F  0000000001011111 ( 108)                 .FILL x005F
(3080) 0049  0000000001001001 ( 108)                 .FILL x0049
(3081) 004E  0000000001001110 ( 108)                 .FILL x004E
(3082) 0020  0000000000100000 ( 108)                 .FILL x0020
(3083) 0050  0000000001010000 ( 108)                 .FILL x0050
(3084) 006C  0000000001101100 ( 108)                 .FILL x006C
(3085) 0065  0000000001100101 ( 108)                 .FILL x0065
(3086) 0061  0000000001100001 ( 108)                 .FILL x0061
(3087) 0073  0000000001110011 ( 108)                 .FILL x0073
(3088) 0065  0000000001100101 ( 108)                 .FILL x0065
(3089) 0020  0000000000100000 ( 108)                 .FILL x0020
(308A) 0065  0000000001100101 ( 108)                 .FILL x0065
(308B) 006E  0000000001101110 ( 108)                 .FILL x006E
(308C) 0074  0000000001110100 ( 108)                 .FILL x0074
(308D) 0065  0000000001100101 ( 108)                 .FILL x0065
(308E) 0072  0000000001110010 ( 108)                 .FILL x0072
(308F) 0020  0000000000100000 ( 108)                 .FILL x0020
(3090) 0061  0000000001100001 ( 108)                 .FILL x0061
(3091) 0020  0000000000100000 ( 108)                 .FILL x0020
(3092) 0073  0000000001110011 ( 108)                 .FILL x0073
(3093) 0074  0000000001110100 ( 108)                 .FILL x0074
(3094) 0072  0000000001110010 ( 108)                 .FILL x0072
(3095) 0069  0000000001101001 ( 108)                 .FILL x0069
(3096) 006E  0000000001101110 ( 108)                 .FILL x006E
(3097) 0067  0000000001100111 ( 108)                 .FILL x0067
(3098) 003A  0000000000111010 ( 108)                 .FILL x003A
(3099) 0000  0000000000000000 ( 108)                 .FILL x0000
(309A) 0054  0000000001010100 ( 109) Prompt1         .FILL x0054
(309B) 0068  0000000001101000 ( 109)                 .FILL x0068
(309C) 0065  0000000001100101 ( 109)                 .FILL x0065
(309D) 0020  0000000000100000 ( 109)                 .FILL x0020
(309E) 006E  0000000001101110 ( 109)                 .FILL x006E
(309F) 0075  0000000001110101 ( 109)                 .FILL x0075
(30A0) 006D  0000000001101101 ( 109)                 .FILL x006D
(30A1) 0062  0000000001100010 ( 109)                 .FILL x0062
(30A2) 0065  0000000001100101 ( 109)                 .FILL x0065
(30A3) 0072  0000000001110010 ( 109)                 .FILL x0072
(30A4) 0020  0000000000100000 ( 109)                 .FILL x0020
(30A5) 006F  0000000001101111 ( 109)                 .FILL x006F
(30A6) 0066  0000000001100110 ( 109)                 .FILL x0066
(30A7) 0020  0000000000100000 ( 109)                 .FILL x0020
(30A8) 0063  0000000001100011 ( 109)                 .FILL x0063
(30A9) 0068  0000000001101000 ( 109)                 .FILL x0068
(30AA) 0061  0000000001100001 ( 109)                 .FILL x0061
(30AB) 0072  0000000001110010 ( 109)                 .FILL x0072
(30AC) 0061  0000000001100001 ( 109)                 .FILL x0061
(30AD) 0063  0000000001100011 ( 109)                 .FILL x0063
(30AE) 0074  0000000001110100 ( 109)                 .FILL x0074
(30AF) 0065  0000000001100101 ( 109)                 .FILL x0065
(30B0) 0072  0000000001110010 ( 109)                 .FILL x0072
(30B1) 0073  0000000001110011 ( 109)                 .FILL x0073
(30B2) 0020  0000000000100000 ( 109)                 .FILL x0020
(30B3) 0069  0000000001101001 ( 109)                 .FILL x0069
(30B4) 006E  0000000001101110 ( 109)                 .FILL x006E
(30B5) 0020  0000000000100000 ( 109)                 .FILL x0020
(30B6) 0074  0000000001110100 ( 109)                 .FILL x0074
(30B7) 0068  0000000001101000 ( 109)                 .FILL x0068
(30B8) 0072  0000000001110010 ( 109)                 .FILL x0072
(30B9) 0020  0000000000100000 ( 109)                 .FILL x0020
(30BA) 0041  0000000001000001 ( 109)                 .FILL x0041
(30BB) 0042  0000000001000010 ( 109)                 .FILL x0042
(30BC) 005F  0000000001011111 ( 109)                 .FILL x005F
(30BD) 0049  0000000001001001 ( 109)                 .FILL x0049
(30BE) 004E  0000000001001110 ( 109)                 .FILL x004E
(30BF) 0027  0000000000100111 ( 109)                 .FILL x0027
(30C0) 0073  0000000001110011 ( 109)                 .FILL x0073
(30C1) 0020  0000000000100000 ( 109)                 .FILL x0020
(30C2) 0069  0000000001101001 ( 109)                 .FILL x0069
(30C3) 006E  0000000001101110 ( 109)                 .FILL x006E
(30C4) 0070  0000000001110000 ( 109)                 .FILL x0070
(30C5) 0075  0000000001110101 ( 109)                 .FILL x0075
(30C6) 0074  0000000001110100 ( 109)                 .FILL x0074
(30C7) 0020  0000000000100000 ( 109)                 .FILL x0020
(30C8) 0069  0000000001101001 ( 109)                 .FILL x0069
(30C9) 0073  0000000001110011 ( 109)                 .FILL x0073
(30CA) 003A  0000000000111010 ( 109)                 .FILL x003A
(30CB) 0000  0000000000000000 ( 109)                 .FILL x0000
(30CC) 0041  0000000001000001 ( 110) TRUE            .FILL x0041
(30CD) 0042  0000000001000010 ( 110)                 .FILL x0042
(30CE) 005F  0000000001011111 ( 110)                 .FILL x005F
(30CF) 0049  0000000001001001 ( 110)                 .FILL x0049
(30D0) 004E  0000000001001110 ( 110)                 .FILL x004E
(30D1) 0020  0000000000100000 ( 110)                 .FILL x0020
(30D2) 0073  0000000001110011 ( 110)                 .FILL x0073
(30D3) 0061  0000000001100001 ( 110)                 .FILL x0061
(30D4) 0079  0000000001111001 ( 110)                 .FILL x0079
(30D5) 0073  0000000001110011 ( 110)                 .FILL x0073
(30D6) 0020  0000000000100000 ( 110)                 .FILL x0020
(30D7) 0054  0000000001010100 ( 110)                 .FILL x0054
(30D8) 0068  0000000001101000 ( 110)                 .FILL x0068
(30D9) 0065  0000000001100101 ( 110)                 .FILL x0065
(30DA) 0020  0000000000100000 ( 110)                 .FILL x0020
(30DB) 0069  0000000001101001 ( 110)                 .FILL x0069
(30DC) 006E  0000000001101110 ( 110)                 .FILL x006E
(30DD) 0070  0000000001110000 ( 110)                 .FILL x0070
(30DE) 0075  0000000001110101 ( 110)                 .FILL x0075
(30DF) 0074  0000000001110100 ( 110)                 .FILL x0074
(30E0) 0020  0000000000100000 ( 110)                 .FILL x0020
(30E1) 0073  0000000001110011 ( 110)                 .FILL x0073
(30E2) 0074  0000000001110100 ( 110)                 .FILL x0074
(30E3) 0072  0000000001110010 ( 110)                 .FILL x0072
(30E4) 0069  0000000001101001 ( 110)                 .FILL x0069
(30E5) 006E  0000000001101110 ( 110)                 .FILL x006E
(30E6) 0067  0000000001100111 ( 110)                 .FILL x0067
(30E7) 0020  0000000000100000 ( 110)                 .FILL x0020
(30E8) 0069  0000000001101001 ( 110)                 .FILL x0069
(30E9) 0073  0000000001110011 ( 110)                 .FILL x0073
(30EA) 0020  0000000000100000 ( 110)                 .FILL x0020
(30EB) 0061  0000000001100001 ( 110)                 .FILL x0061
(30EC) 0020  0000000000100000 ( 110)                 .FILL x0020
(30ED) 0070  0000000001110000 ( 110)                 .FILL x0070
(30EE) 0061  0000000001100001 ( 110)                 .FILL x0061
(30EF) 006C  0000000001101100 ( 110)                 .FILL x006C
(30F0) 0069  0000000001101001 ( 110)                 .FILL x0069
(30F1) 006E  0000000001101110 ( 110)                 .FILL x006E
(30F2) 0064  0000000001100100 ( 110)                 .FILL x0064
(30F3) 0072  0000000001110010 ( 110)                 .FILL x0072
(30F4) 006F  0000000001101111 ( 110)                 .FILL x006F
(30F5) 006D  0000000001101101 ( 110)                 .FILL x006D
(30F6) 0065  0000000001100101 ( 110)                 .FILL x0065
(30F7) 002E  0000000000101110 ( 110)                 .FILL x002E
(30F8) 0000  0000000000000000 ( 110)                 .FILL x0000
(30F9) 0041  0000000001000001 ( 111) FALSE           .FILL x0041
(30FA) 0042  0000000001000010 ( 111)                 .FILL x0042
(30FB) 005F  0000000001011111 ( 111)                 .FILL x005F
(30FC) 0049  0000000001001001 ( 111)                 .FILL x0049
(30FD) 004E  0000000001001110 ( 111)                 .FILL x004E
(30FE) 0020  0000000000100000 ( 111)                 .FILL x0020
(30FF) 0073  0000000001110011 ( 111)                 .FILL x0073
(3100) 0061  0000000001100001 ( 111)                 .FILL x0061
(3101) 0079  0000000001111001 ( 111)                 .FILL x0079
(3102) 0073  0000000001110011 ( 111)                 .FILL x0073
(3103) 0020  0000000000100000 ( 111)                 .FILL x0020
(3104) 0054  0000000001010100 ( 111)                 .FILL x0054
(3105) 0068  0000000001101000 ( 111)                 .FILL x0068
(3106) 0065  0000000001100101 ( 111)                 .FILL x0065
(3107) 0020  0000000000100000 ( 111)                 .FILL x0020
(3108) 0069  0000000001101001 ( 111)                 .FILL x0069
(3109) 006E  0000000001101110 ( 111)                 .FILL x006E
(310A) 0070  0000000001110000 ( 111)                 .FILL x0070
(310B) 0075  0000000001110101 ( 111)                 .FILL x0075
(310C) 0074  0000000001110100 ( 111)                 .FILL x0074
(310D) 0020  0000000000100000 ( 111)                 .FILL x0020
(310E) 0073  0000000001110011 ( 111)                 .FILL x0073
(310F) 0074  0000000001110100 ( 111)                 .FILL x0074
(3110) 0072  0000000001110010 ( 111)                 .FILL x0072
(3111) 0069  0000000001101001 ( 111)                 .FILL x0069
(3112) 006E  0000000001101110 ( 111)                 .FILL x006E
(3113) 0067  0000000001100111 ( 111)                 .FILL x0067
(3114) 0020  0000000000100000 ( 111)                 .FILL x0020
(3115) 0069  0000000001101001 ( 111)                 .FILL x0069
(3116) 0073  0000000001110011 ( 111)                 .FILL x0073
(3117) 0020  0000000000100000 ( 111)                 .FILL x0020
(3118) 006E  0000000001101110 ( 111)                 .FILL x006E
(3119) 006F  0000000001101111 ( 111)                 .FILL x006F
(311A) 0074  0000000001110100 ( 111)                 .FILL x0074
(311B) 0020  0000000000100000 ( 111)                 .FILL x0020
(311C) 0061  0000000001100001 ( 111)                 .FILL x0061
(311D) 0020  0000000000100000 ( 111)                 .FILL x0020
(311E) 0070  0000000001110000 ( 111)                 .FILL x0070
(311F) 0061  0000000001100001 ( 111)                 .FILL x0061
(3120) 006C  0000000001101100 ( 111)                 .FILL x006C
(3121) 0069  0000000001101001 ( 111)                 .FILL x0069
(3122) 006E  0000000001101110 ( 111)                 .FILL x006E
(3123) 0064  0000000001100100 ( 111)                 .FILL x0064
(3124) 0072  0000000001110010 ( 111)                 .FILL x0072
(3125) 006F  0000000001101111 ( 111)                 .FILL x006F
(3126) 006D  0000000001101101 ( 111)                 .FILL x006D
(3127) 0065  0000000001100101 ( 111)                 .FILL x0065
(3128) 002E  0000000000101110 ( 111)                 .FILL x002E
(3129) 0000  0000000000000000 ( 111)                 .FILL x0000
